<?xml version="1.0" encoding="UTF-8"?>
<!-- Generated by org.testng.reporters.JUnitXMLReporter -->
<testsuite ignored="0" hostname="Tutus-MacBook-Air.local" failures="0" tests="9" name="Default test" time="22.808" errors="0" timestamp="2023-05-04T21:11:04 GST">
  <testcase classname="almosaferTest.TestCases" name="CheckContactNumber" time="2.931"/>
  <testcase classname="almosaferTest.TestCases" name="CheckCurreny" time="0.97"/>
  <testcase classname="almosaferTest.TestCases" name="CheckFlightDeparture" time="2.02"/>
  <testcase classname="almosaferTest.TestCases" name="CheckFlightReturn" time="0.723"/>
  <testcase classname="almosaferTest.TestCases" name="CheckLanguage" time="0.14"/>
  <testcase classname="almosaferTest.TestCases" name="CheckLogo" time="0.654"/>
  <testcase classname="almosaferTest.TestCases" name="CheckSearchTab" time="0.132"/>
  <testcase classname="almosaferTest.TestCases" name="RandomLanguage" time="0.029"/>
  <testcase classname="almosaferTest.TestCases" name="HotelSearchTab" time="3.727"/>
</testsuite> <!-- Default test -->
