<?xml version="1.0" encoding="UTF-8"?>
<testng-results ignored="0" total="9" passed="9" failed="0" skipped="0">
  <reporter-output>
  </reporter-output>
  <suite started-at="2023-05-04T21:10:41 GST" name="Default suite" finished-at="2023-05-04T21:11:04 GST" duration-ms="22808">
    <groups>
    </groups>
    <test started-at="2023-05-04T21:10:41 GST" name="Default test" finished-at="2023-05-04T21:11:04 GST" duration-ms="22808">
      <class name="almosaferTest.TestCases">
        <test-method is-config="true" signature="OpenWebsite()[pri:0, instance:almosaferTest.TestCases@4349754]" started-at="2023-05-04T21:10:41 GST" name="OpenWebsite" finished-at="2023-05-04T21:10:53 GST" duration-ms="11405" status="PASS">
          <reporter-output>
          </reporter-output>
        </test-method> <!-- OpenWebsite -->
        <test-method signature="CheckContactNumber()[pri:0, instance:almosaferTest.TestCases@4349754]" started-at="2023-05-04T21:10:53 GST" name="CheckContactNumber" finished-at="2023-05-04T21:10:55 GST" duration-ms="2931" status="PASS">
          <reporter-output>
          </reporter-output>
        </test-method> <!-- CheckContactNumber -->
        <test-method signature="CheckCurreny()[pri:0, instance:almosaferTest.TestCases@4349754]" started-at="2023-05-04T21:10:55 GST" name="CheckCurreny" finished-at="2023-05-04T21:10:56 GST" duration-ms="970" status="PASS">
          <reporter-output>
          </reporter-output>
        </test-method> <!-- CheckCurreny -->
        <test-method signature="CheckFlightDeparture()[pri:0, instance:almosaferTest.TestCases@4349754]" started-at="2023-05-04T21:10:56 GST" name="CheckFlightDeparture" finished-at="2023-05-04T21:10:58 GST" duration-ms="2020" status="PASS">
          <reporter-output>
          </reporter-output>
        </test-method> <!-- CheckFlightDeparture -->
        <test-method signature="CheckFlightReturn()[pri:0, instance:almosaferTest.TestCases@4349754]" started-at="2023-05-04T21:10:58 GST" name="CheckFlightReturn" finished-at="2023-05-04T21:10:59 GST" duration-ms="723" status="PASS">
          <reporter-output>
          </reporter-output>
        </test-method> <!-- CheckFlightReturn -->
        <test-method signature="CheckLanguage()[pri:0, instance:almosaferTest.TestCases@4349754]" started-at="2023-05-04T21:10:59 GST" name="CheckLanguage" finished-at="2023-05-04T21:10:59 GST" duration-ms="140" status="PASS">
          <reporter-output>
          </reporter-output>
        </test-method> <!-- CheckLanguage -->
        <test-method signature="CheckLogo()[pri:0, instance:almosaferTest.TestCases@4349754]" started-at="2023-05-04T21:10:59 GST" name="CheckLogo" finished-at="2023-05-04T21:11:00 GST" duration-ms="654" status="PASS">
          <reporter-output>
          </reporter-output>
        </test-method> <!-- CheckLogo -->
        <test-method signature="CheckSearchTab()[pri:0, instance:almosaferTest.TestCases@4349754]" started-at="2023-05-04T21:11:00 GST" name="CheckSearchTab" finished-at="2023-05-04T21:11:00 GST" duration-ms="132" status="PASS">
          <reporter-output>
          </reporter-output>
        </test-method> <!-- CheckSearchTab -->
        <test-method signature="RandomLanguage()[pri:1, instance:almosaferTest.TestCases@4349754]" started-at="2023-05-04T21:11:00 GST" name="RandomLanguage" finished-at="2023-05-04T21:11:00 GST" duration-ms="29" status="PASS">
          <reporter-output>
          </reporter-output>
        </test-method> <!-- RandomLanguage -->
        <test-method signature="HotelSearchTab()[pri:2, instance:almosaferTest.TestCases@4349754]" started-at="2023-05-04T21:11:00 GST" name="HotelSearchTab" finished-at="2023-05-04T21:11:04 GST" duration-ms="3727" status="PASS">
          <reporter-output>
          </reporter-output>
        </test-method> <!-- HotelSearchTab -->
      </class> <!-- almosaferTest.TestCases -->
    </test> <!-- Default test -->
  </suite> <!-- Default suite -->
</testng-results>
